  pre.cpp
C:\Program Files\PCL 1.8.1\include\pcl-1.8\pcl/point_traits.h : warning C4819: 该文件包含不能在当前代码页(936)中表示的字符。请将该文件保存为 Unicode 格式以防止数据丢失
C:\Program Files\PCL 1.8.1\include\pcl-1.8\pcl/visualization/interactor_style.h : warning C4819: 该文件包含不能在当前代码页(936)中表示的字符。请将该文件保存为 Unicode 格式以防止数据丢失
C:\Program Files\PCL 1.8.1\include\pcl-1.8\pcl/visualization/pcl_visualizer.h(1585): warning C4819: 该文件包含不能在当前代码页(936)中表示的字符。请将该文件保存为 Unicode 格式以防止数据丢失
pre.cpp(507): warning C4267: “=”: 从“size_t”转换到“int”，可能丢失数据
C:\Program Files\PCL 1.8.1\include\pcl-1.8\pcl/segmentation/supervoxel_clustering.h(528): warning C4396: “boost::checked_delete”: 友元声明引用函数模板的专用化时无法使用内联说明符
  pre.cpp(599): note: 参见对正在编译的类 模板 实例化“pcl::SupervoxelClustering<PointT>”的引用
  C:\Program Files\PCL 1.8.1\3rdParty\Boost\include\boost-1_64\boost/bind/placeholders.hpp(54): note: 参见对正在编译的类 模板 实例化“boost::arg<9>”的引用
  C:\Program Files\PCL 1.8.1\3rdParty\Boost\include\boost-1_64\boost/bind/placeholders.hpp(53): note: 参见对正在编译的类 模板 实例化“boost::arg<8>”的引用
  C:\Program Files\PCL 1.8.1\3rdParty\Boost\include\boost-1_64\boost/bind/placeholders.hpp(52): note: 参见对正在编译的类 模板 实例化“boost::arg<7>”的引用
  C:\Program Files\PCL 1.8.1\3rdParty\Boost\include\boost-1_64\boost/bind/placeholders.hpp(51): note: 参见对正在编译的类 模板 实例化“boost::arg<6>”的引用
  C:\Program Files\PCL 1.8.1\3rdParty\Boost\include\boost-1_64\boost/bind/placeholders.hpp(50): note: 参见对正在编译的类 模板 实例化“boost::arg<5>”的引用
  C:\Program Files\PCL 1.8.1\3rdParty\Boost\include\boost-1_64\boost/bind/placeholders.hpp(49): note: 参见对正在编译的类 模板 实例化“boost::arg<4>”的引用
  C:\Program Files\PCL 1.8.1\3rdParty\Boost\include\boost-1_64\boost/bind/placeholders.hpp(48): note: 参见对正在编译的类 模板 实例化“boost::arg<3>”的引用
  C:\Program Files\PCL 1.8.1\3rdParty\Boost\include\boost-1_64\boost/bind/placeholders.hpp(47): note: 参见对正在编译的类 模板 实例化“boost::arg<2>”的引用
  C:\Program Files\PCL 1.8.1\3rdParty\Boost\include\boost-1_64\boost/bind/placeholders.hpp(46): note: 参见对正在编译的类 模板 实例化“boost::arg<1>”的引用
C:\Program Files\PCL 1.8.1\include\pcl-1.8\pcl/visualization/impl/point_cloud_color_handlers.hpp(549): warning C4267: “参数”: 从“size_t”转换到“unsigned int”，可能丢失数据
  C:\Program Files\PCL 1.8.1\include\pcl-1.8\pcl/visualization/impl/point_cloud_color_handlers.hpp(525): note: 编译类 模板 成员函数“bool pcl::visualization::PointCloudColorHandlerLabelField<pcl::PointXYZL>::getColor(vtkSmartPointer<vtkDataArray> &) const”时
  C:\Program Files\PCL 1.8.1\include\pcl-1.8\pcl/visualization/pcl_visualizer.h(907): note: 参见对正在编译的类 模板 实例化“pcl::visualization::PointCloudColorHandlerLabelField<pcl::PointXYZL>”的引用
  正在生成代码
  119 of 2678 functions ( 4.4%) were compiled, the rest were copied from previous compilation.
    0 functions were new in current compilation
    29 functions had inline decision re-evaluated but remain unchanged
  已完成代码的生成
  Pretreatment.vcxproj -> C:\Users\12401\Desktop\TibetFishSeg\Pretreatment\x64\Release\Pretreatment.exe
  Pretreatment.vcxproj -> C:\Users\12401\Desktop\TibetFishSeg\Pretreatment\x64\Release\Pretreatment.pdb (Full PDB)
